2022-12-08 13:15:14.834  INFO 20014 --- [restartedMain] com.bashe.CanabeyApplication             : Starting CanabeyApplication using Java 18.0.1.1 on MacBook-Pro-2 with PID 20014 (/Users/AbdirazakBashe/Downloads/CanabeyApp/target/classes started by AbdirazakBashe in /Users/AbdirazakBashe/Downloads/CanabeyApp)
2022-12-08 13:15:14.837  INFO 20014 --- [restartedMain] com.bashe.CanabeyApplication             : No active profile set, falling back to default profiles: default
2022-12-08 13:15:14.874  INFO 20014 --- [restartedMain] .e.DevToolsPropertyDefaultsPostProcessor : Devtools property defaults active! Set 'spring.devtools.add-properties' to 'false' to disable
2022-12-08 13:15:14.874  INFO 20014 --- [restartedMain] .e.DevToolsPropertyDefaultsPostProcessor : For additional web related logging consider setting the 'logging.level.web' property to 'DEBUG'
2022-12-08 13:15:15.133  INFO 20014 --- [restartedMain] .s.d.r.c.RepositoryConfigurationDelegate : Bootstrapping Spring Data JPA repositories in DEFAULT mode.
2022-12-08 13:15:15.154  INFO 20014 --- [restartedMain] .s.d.r.c.RepositoryConfigurationDelegate : Finished Spring Data repository scanning in 17 ms. Found 4 JPA repository interfaces.
2022-12-08 13:15:15.371  INFO 20014 --- [restartedMain] o.s.b.w.embedded.tomcat.TomcatWebServer  : Tomcat initialized with port(s): 8070 (http)
2022-12-08 13:15:15.375  INFO 20014 --- [restartedMain] o.apache.catalina.core.StandardService   : Starting service [Tomcat]
2022-12-08 13:15:15.375  INFO 20014 --- [restartedMain] org.apache.catalina.core.StandardEngine  : Starting Servlet engine: [Apache Tomcat/9.0.53]
2022-12-08 13:15:15.403  INFO 20014 --- [restartedMain] o.a.c.c.C.[Tomcat].[localhost].[/]       : Initializing Spring embedded WebApplicationContext
2022-12-08 13:15:15.403  INFO 20014 --- [restartedMain] w.s.c.ServletWebServerApplicationContext : Root WebApplicationContext: initialization completed in 529 ms
2022-12-08 13:15:15.453 DEBUG 20014 --- [restartedMain] j.LocalContainerEntityManagerFactoryBean : Building JPA container EntityManagerFactory for persistence unit 'default'
2022-12-08 13:15:15.458  INFO 20014 --- [restartedMain] o.hibernate.jpa.internal.util.LogHelper  : HHH000204: Processing PersistenceUnitInfo [name: default]
2022-12-08 13:15:15.481  INFO 20014 --- [restartedMain] org.hibernate.Version                    : HHH000412: Hibernate ORM core version 5.4.32.Final
2022-12-08 13:15:15.524  INFO 20014 --- [restartedMain] o.hibernate.annotations.common.Version   : HCANN000001: Hibernate Commons Annotations {5.1.2.Final}
2022-12-08 13:15:15.551  INFO 20014 --- [restartedMain] com.zaxxer.hikari.HikariDataSource       : HikariPool-1 - Starting...
2022-12-08 13:15:15.598  INFO 20014 --- [restartedMain] com.zaxxer.hikari.HikariDataSource       : HikariPool-1 - Start completed.
2022-12-08 13:15:15.603  INFO 20014 --- [restartedMain] org.hibernate.dialect.Dialect            : HHH000400: Using dialect: org.hibernate.dialect.MySQL5Dialect
2022-12-08 13:15:15.869  INFO 20014 --- [restartedMain] o.h.e.t.j.p.i.JtaPlatformInitiator       : HHH000490: Using JtaPlatform implementation: [org.hibernate.engine.transaction.jta.platform.internal.NoJtaPlatform]
2022-12-08 13:15:15.873  INFO 20014 --- [restartedMain] j.LocalContainerEntityManagerFactoryBean : Initialized JPA EntityManagerFactory for persistence unit 'default'
2022-12-08 13:15:15.901  WARN 20014 --- [restartedMain] JpaBaseConfiguration$JpaWebConfiguration : spring.jpa.open-in-view is enabled by default. Therefore, database queries may be performed during view rendering. Explicitly configure spring.jpa.open-in-view to disable this warning
2022-12-08 13:15:15.940 DEBUG 20014 --- [restartedMain] tor$SharedEntityManagerInvocationHandler : Creating new EntityManager for shared EntityManager invocation
2022-12-08 13:15:15.955 DEBUG 20014 --- [restartedMain] tor$SharedEntityManagerInvocationHandler : Creating new EntityManager for shared EntityManager invocation
2022-12-08 13:15:15.972 DEBUG 20014 --- [restartedMain] tor$SharedEntityManagerInvocationHandler : Creating new EntityManager for shared EntityManager invocation
2022-12-08 13:15:15.990 DEBUG 20014 --- [restartedMain] tor$SharedEntityManagerInvocationHandler : Creating new EntityManager for shared EntityManager invocation
2022-12-08 13:15:16.019 DEBUG 20014 --- [restartedMain] tor$SharedEntityManagerInvocationHandler : Creating new EntityManager for shared EntityManager invocation
2022-12-08 13:15:16.021 DEBUG 20014 --- [restartedMain] tor$SharedEntityManagerInvocationHandler : Creating new EntityManager for shared EntityManager invocation
2022-12-08 13:15:16.029 DEBUG 20014 --- [restartedMain] tor$SharedEntityManagerInvocationHandler : Creating new EntityManager for shared EntityManager invocation
2022-12-08 13:15:16.031 DEBUG 20014 --- [restartedMain] tor$SharedEntityManagerInvocationHandler : Creating new EntityManager for shared EntityManager invocation
2022-12-08 13:15:16.038 DEBUG 20014 --- [restartedMain] tor$SharedEntityManagerInvocationHandler : Creating new EntityManager for shared EntityManager invocation
2022-12-08 13:15:16.048 DEBUG 20014 --- [restartedMain] tor$SharedEntityManagerInvocationHandler : Creating new EntityManager for shared EntityManager invocation
2022-12-08 13:15:16.048 DEBUG 20014 --- [restartedMain] tor$SharedEntityManagerInvocationHandler : Creating new EntityManager for shared EntityManager invocation
2022-12-08 13:15:16.090  INFO 20014 --- [restartedMain] o.s.s.web.DefaultSecurityFilterChain     : Will secure Ant [pattern='/resources/**'] with []
2022-12-08 13:15:16.090  INFO 20014 --- [restartedMain] o.s.s.web.DefaultSecurityFilterChain     : Will secure Ant [pattern='/static/**'] with []
2022-12-08 13:15:16.090  INFO 20014 --- [restartedMain] o.s.s.web.DefaultSecurityFilterChain     : Will secure Ant [pattern='/images/**'] with []
2022-12-08 13:15:16.090  INFO 20014 --- [restartedMain] o.s.s.web.DefaultSecurityFilterChain     : Will secure Ant [pattern='/productImages/**'] with []
2022-12-08 13:15:16.090  INFO 20014 --- [restartedMain] o.s.s.web.DefaultSecurityFilterChain     : Will secure Ant [pattern='/css/**'] with []
2022-12-08 13:15:16.090  INFO 20014 --- [restartedMain] o.s.s.web.DefaultSecurityFilterChain     : Will secure Ant [pattern='/js/**'] with []
2022-12-08 13:15:16.090  INFO 20014 --- [restartedMain] o.s.s.web.DefaultSecurityFilterChain     : Will secure Ant [pattern='/error/**'] with []
2022-12-08 13:15:16.090  INFO 20014 --- [restartedMain] o.s.s.web.DefaultSecurityFilterChain     : Will secure Ant [pattern='/resources/**'] with []
2022-12-08 13:15:16.090  INFO 20014 --- [restartedMain] o.s.s.web.DefaultSecurityFilterChain     : Will secure Ant [pattern='/static/**'] with []
2022-12-08 13:15:16.090  INFO 20014 --- [restartedMain] o.s.s.web.DefaultSecurityFilterChain     : Will secure Ant [pattern='/images/**'] with []
2022-12-08 13:15:16.090  INFO 20014 --- [restartedMain] o.s.s.web.DefaultSecurityFilterChain     : Will secure Ant [pattern='/css/**'] with []
2022-12-08 13:15:16.090  INFO 20014 --- [restartedMain] o.s.s.web.DefaultSecurityFilterChain     : Will secure Ant [pattern='/js/**'] with []
2022-12-08 13:15:16.090  INFO 20014 --- [restartedMain] o.s.s.web.DefaultSecurityFilterChain     : Will secure Ant [pattern='/productImages/**'] with []
2022-12-08 13:15:16.090  INFO 20014 --- [restartedMain] o.s.s.web.DefaultSecurityFilterChain     : Will secure Ant [pattern='/error/**'] with []
2022-12-08 13:15:16.128  INFO 20014 --- [restartedMain] o.s.b.a.w.s.WelcomePageHandlerMapping    : Adding welcome page template: index
2022-12-08 13:15:16.171  INFO 20014 --- [restartedMain] o.s.s.web.DefaultSecurityFilterChain     : Will secure Ant [pattern='/admin/**'] with [org.springframework.security.web.context.request.async.WebAsyncManagerIntegrationFilter@5a6cd2fa, org.springframework.security.web.context.SecurityContextPersistenceFilter@5bfd6dc1, org.springframework.security.web.header.HeaderWriterFilter@68c9bbc6, org.springframework.web.filter.CorsFilter@7cd22b9a, org.springframework.security.web.authentication.logout.LogoutFilter@10d1ff96, org.springframework.security.web.authentication.UsernamePasswordAuthenticationFilter@70358145, org.springframework.security.web.savedrequest.RequestCacheAwareFilter@66c1f195, org.springframework.security.web.servletapi.SecurityContextHolderAwareRequestFilter@558af508, org.springframework.security.web.authentication.AnonymousAuthenticationFilter@6e9f0747, org.springframework.security.web.session.SessionManagementFilter@16a31958, org.springframework.security.web.access.ExceptionTranslationFilter@47d7eefd, org.springframework.security.web.access.intercept.FilterSecurityInterceptor@731c8ff2]
2022-12-08 13:15:16.173  INFO 20014 --- [restartedMain] o.s.s.web.DefaultSecurityFilterChain     : Will secure any request with [org.springframework.security.web.context.request.async.WebAsyncManagerIntegrationFilter@1d83caf, org.springframework.security.web.context.SecurityContextPersistenceFilter@3909a276, org.springframework.security.web.header.HeaderWriterFilter@5eea1336, org.springframework.security.web.authentication.logout.LogoutFilter@29645765, org.springframework.security.web.authentication.UsernamePasswordAuthenticationFilter@489f4977, org.springframework.security.web.savedrequest.RequestCacheAwareFilter@da20279, org.springframework.security.web.servletapi.SecurityContextHolderAwareRequestFilter@3dfd358, org.springframework.security.web.authentication.AnonymousAuthenticationFilter@12538013, org.springframework.security.web.session.SessionManagementFilter@52b641f, org.springframework.security.web.access.ExceptionTranslationFilter@48df8816, org.springframework.security.web.access.intercept.FilterSecurityInterceptor@7f2da0ee]
2022-12-08 13:15:16.256  INFO 20014 --- [restartedMain] o.s.b.d.a.OptionalLiveReloadServer       : LiveReload server is running on port 35729
2022-12-08 13:15:16.271  INFO 20014 --- [restartedMain] o.s.b.w.embedded.tomcat.TomcatWebServer  : Tomcat started on port(s): 8070 (http) with context path ''
2022-12-08 13:15:16.276  INFO 20014 --- [restartedMain] com.bashe.CanabeyApplication             : Started CanabeyApplication in 1.634 seconds (JVM running for 1.911)
2022-12-08 13:15:39.772  INFO 20014 --- [http-nio-8070-exec-1] o.a.c.c.C.[Tomcat].[localhost].[/]       : Initializing Spring DispatcherServlet 'dispatcherServlet'
2022-12-08 13:15:39.772  INFO 20014 --- [http-nio-8070-exec-1] o.s.web.servlet.DispatcherServlet        : Initializing Servlet 'dispatcherServlet'
2022-12-08 13:15:39.773  INFO 20014 --- [http-nio-8070-exec-1] o.s.web.servlet.DispatcherServlet        : Completed initialization in 1 ms
2022-12-08 13:15:39.818 DEBUG 20014 --- [http-nio-8070-exec-2] o.j.s.OpenEntityManagerInViewInterceptor : Opening JPA EntityManager in OpenEntityManagerInViewInterceptor
2022-12-08 13:15:39.931 DEBUG 20014 --- [http-nio-8070-exec-2] o.j.s.OpenEntityManagerInViewInterceptor : Closing JPA EntityManager in OpenEntityManagerInViewInterceptor
2022-12-08 13:15:39.968 DEBUG 20014 --- [http-nio-8070-exec-3] o.j.s.OpenEntityManagerInViewInterceptor : Opening JPA EntityManager in OpenEntityManagerInViewInterceptor
2022-12-08 13:15:39.972 DEBUG 20014 --- [http-nio-8070-exec-3] o.j.s.OpenEntityManagerInViewInterceptor : Closing JPA EntityManager in OpenEntityManagerInViewInterceptor
2022-12-08 13:15:39.983 DEBUG 20014 --- [http-nio-8070-exec-4] o.j.s.OpenEntityManagerInViewInterceptor : Opening JPA EntityManager in OpenEntityManagerInViewInterceptor
2022-12-08 13:15:39.986 DEBUG 20014 --- [http-nio-8070-exec-4] o.j.s.OpenEntityManagerInViewInterceptor : Closing JPA EntityManager in OpenEntityManagerInViewInterceptor
2022-12-08 13:15:39.991 DEBUG 20014 --- [http-nio-8070-exec-5] o.j.s.OpenEntityManagerInViewInterceptor : Opening JPA EntityManager in OpenEntityManagerInViewInterceptor
2022-12-08 13:15:39.992 DEBUG 20014 --- [http-nio-8070-exec-5] o.j.s.OpenEntityManagerInViewInterceptor : Closing JPA EntityManager in OpenEntityManagerInViewInterceptor
2022-12-08 13:15:40.278 DEBUG 20014 --- [http-nio-8070-exec-7] o.j.s.OpenEntityManagerInViewInterceptor : Opening JPA EntityManager in OpenEntityManagerInViewInterceptor
2022-12-08 13:15:40.282 DEBUG 20014 --- [http-nio-8070-exec-7] o.j.s.OpenEntityManagerInViewInterceptor : Closing JPA EntityManager in OpenEntityManagerInViewInterceptor
2022-12-08 13:15:43.309 DEBUG 20014 --- [http-nio-8070-exec-8] o.j.s.OpenEntityManagerInViewInterceptor : Opening JPA EntityManager in OpenEntityManagerInViewInterceptor
2022-12-08 13:15:43.333 DEBUG 20014 --- [http-nio-8070-exec-8] o.j.s.OpenEntityManagerInViewInterceptor : Closing JPA EntityManager in OpenEntityManagerInViewInterceptor
2022-12-08 13:15:43.361 DEBUG 20014 --- [http-nio-8070-exec-9] o.j.s.OpenEntityManagerInViewInterceptor : Opening JPA EntityManager in OpenEntityManagerInViewInterceptor
2022-12-08 13:15:43.362 DEBUG 20014 --- [http-nio-8070-exec-9] o.j.s.OpenEntityManagerInViewInterceptor : Closing JPA EntityManager in OpenEntityManagerInViewInterceptor
2022-12-08 13:15:43.378 DEBUG 20014 --- [http-nio-8070-exec-10] o.j.s.OpenEntityManagerInViewInterceptor : Opening JPA EntityManager in OpenEntityManagerInViewInterceptor
2022-12-08 13:15:43.380 DEBUG 20014 --- [http-nio-8070-exec-10] o.j.s.OpenEntityManagerInViewInterceptor : Closing JPA EntityManager in OpenEntityManagerInViewInterceptor
2022-12-08 13:15:43.385 DEBUG 20014 --- [http-nio-8070-exec-1] o.j.s.OpenEntityManagerInViewInterceptor : Opening JPA EntityManager in OpenEntityManagerInViewInterceptor
2022-12-08 13:15:43.387 DEBUG 20014 --- [http-nio-8070-exec-1] o.j.s.OpenEntityManagerInViewInterceptor : Closing JPA EntityManager in OpenEntityManagerInViewInterceptor
2022-12-08 13:15:43.389 DEBUG 20014 --- [http-nio-8070-exec-2] o.j.s.OpenEntityManagerInViewInterceptor : Opening JPA EntityManager in OpenEntityManagerInViewInterceptor
2022-12-08 13:15:43.389 DEBUG 20014 --- [http-nio-8070-exec-3] o.j.s.OpenEntityManagerInViewInterceptor : Opening JPA EntityManager in OpenEntityManagerInViewInterceptor
2022-12-08 13:15:43.393 DEBUG 20014 --- [http-nio-8070-exec-2] o.j.s.OpenEntityManagerInViewInterceptor : Closing JPA EntityManager in OpenEntityManagerInViewInterceptor
2022-12-08 13:15:43.394 DEBUG 20014 --- [http-nio-8070-exec-3] o.j.s.OpenEntityManagerInViewInterceptor : Closing JPA EntityManager in OpenEntityManagerInViewInterceptor
2022-12-08 13:15:43.396 DEBUG 20014 --- [http-nio-8070-exec-2] o.j.s.OpenEntityManagerInViewInterceptor : Opening JPA EntityManager in OpenEntityManagerInViewInterceptor
2022-12-08 13:15:43.396 DEBUG 20014 --- [http-nio-8070-exec-3] o.j.s.OpenEntityManagerInViewInterceptor : Opening JPA EntityManager in OpenEntityManagerInViewInterceptor
2022-12-08 13:15:43.399 DEBUG 20014 --- [http-nio-8070-exec-2] o.j.s.OpenEntityManagerInViewInterceptor : Closing JPA EntityManager in OpenEntityManagerInViewInterceptor
2022-12-08 13:15:43.399 DEBUG 20014 --- [http-nio-8070-exec-3] o.j.s.OpenEntityManagerInViewInterceptor : Closing JPA EntityManager in OpenEntityManagerInViewInterceptor
2022-12-08 13:15:43.401 DEBUG 20014 --- [http-nio-8070-exec-2] o.j.s.OpenEntityManagerInViewInterceptor : Opening JPA EntityManager in OpenEntityManagerInViewInterceptor
2022-12-08 13:15:43.401 DEBUG 20014 --- [http-nio-8070-exec-3] o.j.s.OpenEntityManagerInViewInterceptor : Opening JPA EntityManager in OpenEntityManagerInViewInterceptor
2022-12-08 13:15:43.403 DEBUG 20014 --- [http-nio-8070-exec-2] o.j.s.OpenEntityManagerInViewInterceptor : Closing JPA EntityManager in OpenEntityManagerInViewInterceptor
2022-12-08 13:15:43.403 DEBUG 20014 --- [http-nio-8070-exec-3] o.j.s.OpenEntityManagerInViewInterceptor : Closing JPA EntityManager in OpenEntityManagerInViewInterceptor
2022-12-08 13:15:46.923 DEBUG 20014 --- [http-nio-8070-exec-4] o.j.s.OpenEntityManagerInViewInterceptor : Opening JPA EntityManager in OpenEntityManagerInViewInterceptor
2022-12-08 13:15:46.935 DEBUG 20014 --- [http-nio-8070-exec-4] o.s.orm.jpa.JpaTransactionManager        : Found thread-bound EntityManager [SessionImpl(1174362101<open>)] for JPA transaction
2022-12-08 13:15:46.936 DEBUG 20014 --- [http-nio-8070-exec-4] o.s.orm.jpa.JpaTransactionManager        : Creating new transaction with name [org.springframework.data.jpa.repository.support.SimpleJpaRepository.findAll]: PROPAGATION_REQUIRED,ISOLATION_DEFAULT,readOnly
2022-12-08 13:15:46.941 DEBUG 20014 --- [http-nio-8070-exec-4] o.s.orm.jpa.JpaTransactionManager        : Exposing JPA transaction as JDBC [org.springframework.orm.jpa.vendor.HibernateJpaDialect$HibernateConnectionHandle@21b1bfce]
2022-12-08 13:15:47.009 DEBUG 20014 --- [http-nio-8070-exec-4] o.s.orm.jpa.JpaTransactionManager        : Initiating transaction commit
2022-12-08 13:15:47.009 DEBUG 20014 --- [http-nio-8070-exec-4] o.s.orm.jpa.JpaTransactionManager        : Committing JPA transaction on EntityManager [SessionImpl(1174362101<open>)]
2022-12-08 13:15:47.010 DEBUG 20014 --- [http-nio-8070-exec-4] o.s.orm.jpa.JpaTransactionManager        : Not closing pre-bound JPA EntityManager after transaction
2022-12-08 13:15:47.010 DEBUG 20014 --- [http-nio-8070-exec-4] o.s.orm.jpa.JpaTransactionManager        : Found thread-bound EntityManager [SessionImpl(1174362101<open>)] for JPA transaction
2022-12-08 13:15:47.010 DEBUG 20014 --- [http-nio-8070-exec-4] o.s.orm.jpa.JpaTransactionManager        : Creating new transaction with name [org.springframework.data.jpa.repository.support.SimpleJpaRepository.findAll]: PROPAGATION_REQUIRED,ISOLATION_DEFAULT,readOnly
2022-12-08 13:15:47.010 DEBUG 20014 --- [http-nio-8070-exec-4] o.s.orm.jpa.JpaTransactionManager        : Exposing JPA transaction as JDBC [org.springframework.orm.jpa.vendor.HibernateJpaDialect$HibernateConnectionHandle@19681184]
2022-12-08 13:15:47.014 DEBUG 20014 --- [http-nio-8070-exec-4] o.s.orm.jpa.JpaTransactionManager        : Initiating transaction commit
2022-12-08 13:15:47.014 DEBUG 20014 --- [http-nio-8070-exec-4] o.s.orm.jpa.JpaTransactionManager        : Committing JPA transaction on EntityManager [SessionImpl(1174362101<open>)]
2022-12-08 13:15:47.015 DEBUG 20014 --- [http-nio-8070-exec-4] o.s.orm.jpa.JpaTransactionManager        : Not closing pre-bound JPA EntityManager after transaction
2022-12-08 13:15:47.024 DEBUG 20014 --- [http-nio-8070-exec-4] o.j.s.OpenEntityManagerInViewInterceptor : Closing JPA EntityManager in OpenEntityManagerInViewInterceptor
2022-12-08 13:15:47.042 DEBUG 20014 --- [http-nio-8070-exec-5] o.j.s.OpenEntityManagerInViewInterceptor : Opening JPA EntityManager in OpenEntityManagerInViewInterceptor
2022-12-08 13:15:47.043 DEBUG 20014 --- [http-nio-8070-exec-5] o.j.s.OpenEntityManagerInViewInterceptor : Closing JPA EntityManager in OpenEntityManagerInViewInterceptor
2022-12-08 13:15:47.087 DEBUG 20014 --- [http-nio-8070-exec-6] o.j.s.OpenEntityManagerInViewInterceptor : Opening JPA EntityManager in OpenEntityManagerInViewInterceptor
2022-12-08 13:15:47.088 DEBUG 20014 --- [http-nio-8070-exec-6] o.j.s.OpenEntityManagerInViewInterceptor : Closing JPA EntityManager in OpenEntityManagerInViewInterceptor
2022-12-08 13:15:47.095 DEBUG 20014 --- [http-nio-8070-exec-7] o.j.s.OpenEntityManagerInViewInterceptor : Opening JPA EntityManager in OpenEntityManagerInViewInterceptor
2022-12-08 13:15:47.096 DEBUG 20014 --- [http-nio-8070-exec-7] o.j.s.OpenEntityManagerInViewInterceptor : Closing JPA EntityManager in OpenEntityManagerInViewInterceptor
2022-12-08 13:15:47.099 DEBUG 20014 --- [http-nio-8070-exec-8] o.j.s.OpenEntityManagerInViewInterceptor : Opening JPA EntityManager in OpenEntityManagerInViewInterceptor
2022-12-08 13:15:47.100 DEBUG 20014 --- [http-nio-8070-exec-8] o.j.s.OpenEntityManagerInViewInterceptor : Closing JPA EntityManager in OpenEntityManagerInViewInterceptor
2022-12-08 13:15:47.102 DEBUG 20014 --- [http-nio-8070-exec-9] o.j.s.OpenEntityManagerInViewInterceptor : Opening JPA EntityManager in OpenEntityManagerInViewInterceptor
2022-12-08 13:15:47.102 DEBUG 20014 --- [http-nio-8070-exec-9] o.j.s.OpenEntityManagerInViewInterceptor : Closing JPA EntityManager in OpenEntityManagerInViewInterceptor
2022-12-08 13:15:47.104 DEBUG 20014 --- [http-nio-8070-exec-10] o.j.s.OpenEntityManagerInViewInterceptor : Opening JPA EntityManager in OpenEntityManagerInViewInterceptor
2022-12-08 13:15:47.105 DEBUG 20014 --- [http-nio-8070-exec-10] o.j.s.OpenEntityManagerInViewInterceptor : Closing JPA EntityManager in OpenEntityManagerInViewInterceptor
2022-12-08 13:15:47.106 DEBUG 20014 --- [http-nio-8070-exec-1] o.j.s.OpenEntityManagerInViewInterceptor : Opening JPA EntityManager in OpenEntityManagerInViewInterceptor
2022-12-08 13:15:47.107 DEBUG 20014 --- [http-nio-8070-exec-1] o.j.s.OpenEntityManagerInViewInterceptor : Closing JPA EntityManager in OpenEntityManagerInViewInterceptor
2022-12-08 13:15:47.109 DEBUG 20014 --- [http-nio-8070-exec-3] o.j.s.OpenEntityManagerInViewInterceptor : Opening JPA EntityManager in OpenEntityManagerInViewInterceptor
2022-12-08 13:15:47.110 DEBUG 20014 --- [http-nio-8070-exec-3] o.j.s.OpenEntityManagerInViewInterceptor : Closing JPA EntityManager in OpenEntityManagerInViewInterceptor
2022-12-08 13:15:47.111 DEBUG 20014 --- [http-nio-8070-exec-2] o.j.s.OpenEntityManagerInViewInterceptor : Opening JPA EntityManager in OpenEntityManagerInViewInterceptor
2022-12-08 13:15:47.112 DEBUG 20014 --- [http-nio-8070-exec-2] o.j.s.OpenEntityManagerInViewInterceptor : Closing JPA EntityManager in OpenEntityManagerInViewInterceptor
2022-12-08 13:15:47.114 DEBUG 20014 --- [http-nio-8070-exec-4] o.j.s.OpenEntityManagerInViewInterceptor : Opening JPA EntityManager in OpenEntityManagerInViewInterceptor
2022-12-08 13:15:47.115 DEBUG 20014 --- [http-nio-8070-exec-4] o.j.s.OpenEntityManagerInViewInterceptor : Closing JPA EntityManager in OpenEntityManagerInViewInterceptor
